<?xml version="1.0" encoding="UTF-8"?>
<testng-results skipped="0" failed="0" ignored="0" total="1" passed="1">
  <reporter-output>
  </reporter-output>
  <suite name="Default suite" duration-ms="13015" started-at="2018-08-20T20:39:45Z" finished-at="2018-08-20T20:39:58Z">
    <groups>
    </groups>
    <test name="Default test" duration-ms="13015" started-at="2018-08-20T20:39:45Z" finished-at="2018-08-20T20:39:58Z">
      <class name="selenium.practice.one.Calendar">
        <test-method status="PASS" signature="setUp()[pri:0, instance:selenium.practice.one.Calendar@724af044]" name="setUp" is-config="true" duration-ms="9849" started-at="2018-08-20T20:39:45Z" finished-at="2018-08-20T20:39:55Z">
          <reporter-output>
          </reporter-output>
        </test-method> <!-- setUp -->
        <test-method status="PASS" signature="getCalendar()[pri:0, instance:selenium.practice.one.Calendar@724af044]" name="getCalendar" duration-ms="890" started-at="2018-08-20T20:39:55Z" finished-at="2018-08-20T20:39:56Z">
          <reporter-output>
          </reporter-output>
        </test-method> <!-- getCalendar -->
        <test-method status="PASS" signature="tearDown()[pri:0, instance:selenium.practice.one.Calendar@724af044]" name="tearDown" is-config="true" duration-ms="2233" started-at="2018-08-20T20:39:56Z" finished-at="2018-08-20T20:39:58Z">
          <reporter-output>
          </reporter-output>
        </test-method> <!-- tearDown -->
      </class> <!-- selenium.practice.one.Calendar -->
    </test> <!-- Default test -->
  </suite> <!-- Default suite -->
</testng-results>
